2021-06-28T11:25:55+00:00 CRITICAL Uncaught Error: Call to undefined function submit_button() in /var/www/html/hasniah/wp-admin/includes/file.php:2304
Stack trace:
#0 /var/www/html/hasniah/wp-content/plugins/trx_utils/includes/plugin.files.php(369): request_filesystem_credentials()
#1 [internal function]: trx_utils_init_filesystem()
#2 /var/www/html/hasniah/wp-includes/class-wp-hook.php(292): call_user_func_array()
#3 /var/www/html/hasniah/wp-includes/class-wp-hook.php(316): WP_Hook->apply_filters()
#4 /var/www/html/hasniah/wp-includes/plugin.php(484): WP_Hook->do_action()
#5 /var/www/html/hasniah/wp-settings.php(538): do_action()
#6 /var/www/html/hasniah/wp-config.php(90): require_once('/var/www/html/h...')
#7 /var/www/html/hasniah/wp-load.php(37): require_once('/var/www/html/h...')
#8 /var/www/html/hasniah/wp-admin/admin.php(34): require_once('/var/www/html/h...')
#9 /var/www/html/hasniah/wp-admin/index.php(10): require_once('/var/www/html/h...')
#10 {main}
  thrown in /var/www/html/hasniah/wp-admin/includes/file.php on line 2304

2021-06-28T11:25:55+00:00 CRITICAL Uncaught Error: Call to undefined function submit_button() in /var/www/html/hasniah/wp-admin/includes/file.php:2304
Stack trace:
#0 /var/www/html/hasniah/wp-content/plugins/trx_utils/includes/plugin.files.php(369): request_filesystem_credentials()
#1 [internal function]: trx_utils_init_filesystem()
#2 /var/www/html/hasniah/wp-includes/class-wp-hook.php(292): call_user_func_array()
#3 /var/www/html/hasniah/wp-includes/class-wp-hook.php(316): WP_Hook->apply_filters()
#4 /var/www/html/hasniah/wp-includes/plugin.php(484): WP_Hook->do_action()
#5 /var/www/html/hasniah/wp-settings.php(538): do_action()
#6 /var/www/html/hasniah/wp-config.php(90): require_once('/var/www/html/h...')
#7 /var/www/html/hasniah/wp-load.php(37): require_once('/var/www/html/h...')
#8 /var/www/html/hasniah/wp-admin/admin-ajax.php(22): require_once('/var/www/html/h...')
#9 {main}
  thrown in /var/www/html/hasniah/wp-admin/includes/file.php on line 2304

2021-06-28T11:26:11+00:00 CRITICAL Uncaught Error: Call to undefined function submit_button() in /var/www/html/hasniah/wp-admin/includes/file.php:2304
Stack trace:
#0 /var/www/html/hasniah/wp-content/plugins/trx_utils/includes/plugin.files.php(369): request_filesystem_credentials()
#1 [internal function]: trx_utils_init_filesystem()
#2 /var/www/html/hasniah/wp-includes/class-wp-hook.php(292): call_user_func_array()
#3 /var/www/html/hasniah/wp-includes/class-wp-hook.php(316): WP_Hook->apply_filters()
#4 /var/www/html/hasniah/wp-includes/plugin.php(484): WP_Hook->do_action()
#5 /var/www/html/hasniah/wp-settings.php(538): do_action()
#6 /var/www/html/hasniah/wp-config.php(90): require_once('/var/www/html/h...')
#7 /var/www/html/hasniah/wp-load.php(37): require_once('/var/www/html/h...')
#8 /var/www/html/hasniah/wp-admin/admin.php(34): require_once('/var/www/html/h...')
#9 /var/www/html/hasniah/wp-admin/index.php(10): require_once('/var/www/html/h...')
#10 {main}
  thrown in /var/www/html/hasniah/wp-admin/includes/file.php on line 2304

2021-06-28T11:26:14+00:00 CRITICAL Uncaught Error: Call to undefined function submit_button() in /var/www/html/hasniah/wp-admin/includes/file.php:2304
Stack trace:
#0 /var/www/html/hasniah/wp-content/plugins/trx_utils/includes/plugin.files.php(369): request_filesystem_credentials()
#1 [internal function]: trx_utils_init_filesystem()
#2 /var/www/html/hasniah/wp-includes/class-wp-hook.php(292): call_user_func_array()
#3 /var/www/html/hasniah/wp-includes/class-wp-hook.php(316): WP_Hook->apply_filters()
#4 /var/www/html/hasniah/wp-includes/plugin.php(484): WP_Hook->do_action()
#5 /var/www/html/hasniah/wp-settings.php(538): do_action()
#6 /var/www/html/hasniah/wp-config.php(90): require_once('/var/www/html/h...')
#7 /var/www/html/hasniah/wp-load.php(37): require_once('/var/www/html/h...')
#8 /var/www/html/hasniah/wp-admin/admin.php(34): require_once('/var/www/html/h...')
#9 /var/www/html/hasniah/wp-admin/index.php(10): require_once('/var/www/html/h...')
#10 {main}
  thrown in /var/www/html/hasniah/wp-admin/includes/file.php on line 2304

2021-06-28T11:26:50+00:00 CRITICAL Uncaught Error: Call to undefined function submit_button() in /var/www/html/hasniah/wp-admin/includes/file.php:2304
Stack trace:
#0 /var/www/html/hasniah/wp-content/plugins/trx_utils/includes/plugin.files.php(369): request_filesystem_credentials()
#1 [internal function]: trx_utils_init_filesystem()
#2 /var/www/html/hasniah/wp-includes/class-wp-hook.php(292): call_user_func_array()
#3 /var/www/html/hasniah/wp-includes/class-wp-hook.php(316): WP_Hook->apply_filters()
#4 /var/www/html/hasniah/wp-includes/plugin.php(484): WP_Hook->do_action()
#5 /var/www/html/hasniah/wp-settings.php(538): do_action()
#6 /var/www/html/hasniah/wp-config.php(90): require_once('/var/www/html/h...')
#7 /var/www/html/hasniah/wp-load.php(37): require_once('/var/www/html/h...')
#8 /var/www/html/hasniah/wp-admin/admin-ajax.php(22): require_once('/var/www/html/h...')
#9 {main}
  thrown in /var/www/html/hasniah/wp-admin/includes/file.php on line 2304

2021-06-28T11:27:00+00:00 CRITICAL Uncaught Error: Call to undefined function submit_button() in /var/www/html/hasniah/wp-admin/includes/file.php:2304
Stack trace:
#0 /var/www/html/hasniah/wp-content/plugins/trx_utils/includes/plugin.files.php(369): request_filesystem_credentials()
#1 [internal function]: trx_utils_init_filesystem()
#2 /var/www/html/hasniah/wp-includes/class-wp-hook.php(292): call_user_func_array()
#3 /var/www/html/hasniah/wp-includes/class-wp-hook.php(316): WP_Hook->apply_filters()
#4 /var/www/html/hasniah/wp-includes/plugin.php(484): WP_Hook->do_action()
#5 /var/www/html/hasniah/wp-settings.php(538): do_action()
#6 /var/www/html/hasniah/wp-config.php(90): require_once('/var/www/html/h...')
#7 /var/www/html/hasniah/wp-load.php(37): require_once('/var/www/html/h...')
#8 /var/www/html/hasniah/wp-admin/admin.php(34): require_once('/var/www/html/h...')
#9 /var/www/html/hasniah/wp-admin/index.php(10): require_once('/var/www/html/h...')
#10 {main}
  thrown in /var/www/html/hasniah/wp-admin/includes/file.php on line 2304

2021-06-28T11:27:27+00:00 CRITICAL Uncaught Error: Call to undefined function submit_button() in /var/www/html/hasniah/wp-admin/includes/file.php:2304
Stack trace:
#0 /var/www/html/hasniah/wp-content/plugins/trx_utils/includes/plugin.files.php(369): request_filesystem_credentials()
#1 [internal function]: trx_utils_init_filesystem()
#2 /var/www/html/hasniah/wp-includes/class-wp-hook.php(292): call_user_func_array()
#3 /var/www/html/hasniah/wp-includes/class-wp-hook.php(316): WP_Hook->apply_filters()
#4 /var/www/html/hasniah/wp-includes/plugin.php(484): WP_Hook->do_action()
#5 /var/www/html/hasniah/wp-settings.php(538): do_action()
#6 /var/www/html/hasniah/wp-config.php(90): require_once('/var/www/html/h...')
#7 /var/www/html/hasniah/wp-load.php(37): require_once('/var/www/html/h...')
#8 /var/www/html/hasniah/wp-admin/admin.php(34): require_once('/var/www/html/h...')
#9 /var/www/html/hasniah/wp-admin/index.php(10): require_once('/var/www/html/h...')
#10 {main}
  thrown in /var/www/html/hasniah/wp-admin/includes/file.php on line 2304

